* using log directory 'D:/Documents/LiU_St-ML/Term_1/Advanced Programming in R/Adv_lab6/lab6.Rcheck'
* using R version 3.6.1 (2019-07-05)
* using platform: x86_64-w64-mingw32 (64-bit)
* using session charset: ISO8859-1
* using options '--no-manual --as-cran'
* checking for file 'lab6/DESCRIPTION' ... OK
* checking extension type ... Package
* this is package 'lab6' version '1.0'
* package encoding: UTF-8
* checking package namespace information ... OK
* checking package dependencies ... OK
* checking if this is a source package ... OK
* checking if there is a namespace ... OK
* checking for executable files ... OK
* checking for hidden files and directories ... OK
* checking for portable file names ... OK
* checking serialization versions ... OK
* checking whether package 'lab6' can be installed ... WARNING
Found the following significant warnings:
  Warning: C:/Users/spiro/AppData/Local/Temp/RtmpmsmerI/Rbuild12c8293d7493/lab6/man/lab6-package.Rd:26: All text must be in a section
  Warning: C:/Users/spiro/AppData/Local/Temp/RtmpmsmerI/Rbuild12c8293d7493/lab6/man/lab6-package.Rd:27: All text must be in a section
See 'D:/Documents/LiU_St-ML/Term_1/Advanced Programming in R/Adv_lab6/lab6.Rcheck/00install.out' for details.
* checking installed package size ... OK
* checking package directory ... OK
* checking for future file timestamps ... OK
* checking 'build' directory ... OK
* checking DESCRIPTION meta-information ... OK
* checking top-level files ... OK
* checking for left-over files ... OK
* checking index information ... OK
* checking package subdirectories ... OK
* checking R files for non-ASCII characters ... OK
* checking R files for syntax errors ... OK
* checking whether the package can be loaded ... OK
* checking whether the package can be loaded with stated dependencies ... OK
* checking whether the package can be unloaded cleanly ... OK
* checking whether the namespace can be loaded with stated dependencies ... OK
* checking whether the namespace can be unloaded cleanly ... OK
* checking loading without being on the library search path ... OK
* checking dependencies in R code ... OK
* checking S3 generic/method consistency ... OK
* checking replacement functions ... OK
* checking foreign function calls ... OK
* checking R code for possible problems ... OK
* checking Rd files ... WARNING
prepare_Rd: lab6-package.Rd:26: All text must be in a section
prepare_Rd: lab6-package.Rd:27: All text must be in a section
* checking Rd metadata ... OK
* checking Rd line widths ... OK
* checking Rd cross-references ... WARNING
Unknown package '<pkg>' in Rd xrefs
* checking for missing documentation entries ... OK
* checking for code/documentation mismatches ... OK
* checking Rd \usage sections ... OK
* checking Rd contents ... OK
* checking for unstated dependencies in examples ... WARNING
Warning: parse error in file 'lines':
11: unexpected symbol
21: 
22: ~~ simple examples
              ^
* checking installed files from 'inst/doc' ... OK
* checking files in 'vignettes' ... OK
* checking examples ... ERROR
Running examples in 'lab6-Ex.R' failed
The error most likely occurred in:

> base::assign(".ptime", proc.time(), pos = "CheckExEnv")
> ### Name: lab6-package
> ### Title: knapsack
> ### Aliases: lab6-package lab6
> ### Keywords: package
> 
> ### ** Examples
> 
> ~~ simple examples of the most important functions ~~
Error: unexpected symbol in "~~ simple examples"
Execution halted
* checking for unstated dependencies in vignettes ... OK
* checking package vignettes in 'inst/doc' ... OK
* checking re-building of vignette outputs ... OK
* DONE
Status: 1 ERROR, 4 WARNINGs
